{"/Users/saphy/Documents/digitalFutures.nosync/news-summary-challenge/src/utils/newsDataServices.js": {"path":"/Users/saphy/Documents/digitalFutures.nosync/news-summary-challenge/src/utils/newsDataServices.js","statementMap":{"0":{"start":{"line":1,"column":25},"end":{"line":1,"column":144}},"1":{"start":{"line":5,"column":23},"end":{"line":16,"column":1}},"2":{"start":{"line":6,"column":2},"end":{"line":15,"column":3}},"3":{"start":{"line":7,"column":25},"end":{"line":10,"column":5}},"4":{"start":{"line":12,"column":4},"end":{"line":12,"column":46}},"5":{"start":{"line":14,"column":4},"end":{"line":14,"column":17}}},"fnMap":{"0":{"name":"(anonymous_0)","decl":{"start":{"line":5,"column":23},"end":{"line":5,"column":24}},"loc":{"start":{"line":5,"column":35},"end":{"line":16,"column":1}}}},"branchMap":{},"s":{"0":1,"1":1,"2":3,"3":3,"4":2,"5":1},"f":{"0":3},"b":{}}
}
