{"/Users/saphy/Documents/digitalFutures.nosync/news-summary-challenge/src/Components/BodyContainer.jsx": {"path":"/Users/saphy/Documents/digitalFutures.nosync/news-summary-challenge/src/Components/BodyContainer.jsx","statementMap":{"0":{"start":{"line":3,"column":22},"end":{"line":12,"column":null}},"1":{"start":{"line":4,"column":2},"end":{"line":10,"column":null}},"2":{"start":{"line":14,"column":0},"end":{"line":17,"column":null}}},"fnMap":{"0":{"name":"(anonymous_0)","decl":{"start":{"line":3,"column":22},"end":{"line":3,"column":23}},"loc":{"start":{"line":3,"column":51},"end":{"line":12,"column":null}}}},"branchMap":{},"s":{"0":2,"1":8,"2":2},"f":{"0":8},"b":{}}
,"/Users/saphy/Documents/digitalFutures.nosync/news-summary-challenge/src/Components/Header.jsx": {"path":"/Users/saphy/Documents/digitalFutures.nosync/news-summary-challenge/src/Components/Header.jsx","statementMap":{"0":{"start":{"line":1,"column":15},"end":{"line":36,"column":null}},"1":{"start":{"line":2,"column":2},"end":{"line":34,"column":null}}},"fnMap":{"0":{"name":"(anonymous_0)","decl":{"start":{"line":1,"column":15},"end":{"line":1,"column":21}},"loc":{"start":{"line":1,"column":21},"end":{"line":36,"column":null}}}},"branchMap":{},"s":{"0":1,"1":1},"f":{"0":1},"b":{}}
,"/Users/saphy/Documents/digitalFutures.nosync/news-summary-challenge/src/Components/HomePage.jsx": {"path":"/Users/saphy/Documents/digitalFutures.nosync/news-summary-challenge/src/Components/HomePage.jsx","statementMap":{"0":{"start":{"line":5,"column":17},"end":{"line":25,"column":null}},"1":{"start":{"line":6,"column":28},"end":{"line":14,"column":null}},"2":{"start":{"line":7,"column":4},"end":{"line":14,"column":null}},"3":{"start":{"line":8,"column":6},"end":{"line":12,"column":null}},"4":{"start":{"line":16,"column":2},"end":{"line":23,"column":null}},"5":{"start":{"line":27,"column":0},"end":{"line":29,"column":null}}},"fnMap":{"0":{"name":"(anonymous_0)","decl":{"start":{"line":5,"column":17},"end":{"line":5,"column":18}},"loc":{"start":{"line":5,"column":31},"end":{"line":25,"column":null}}},"1":{"name":"(anonymous_1)","decl":{"start":{"line":6,"column":28},"end":{"line":6,"column":null}},"loc":{"start":{"line":7,"column":4},"end":{"line":14,"column":null}}},"2":{"name":"(anonymous_2)","decl":{"start":{"line":7,"column":13},"end":{"line":7,"column":14}},"loc":{"start":{"line":7,"column":26},"end":{"line":14,"column":5}}}},"branchMap":{"0":{"loc":{"start":{"line":20,"column":11},"end":{"line":20,"column":null}},"type":"cond-expr","locations":[{"start":{"line":20,"column":29},"end":{"line":20,"column":51}},{"start":{"line":20,"column":51},"end":{"line":20,"column":null}}]}},"s":{"0":1,"1":4,"2":3,"3":3,"4":4,"5":1},"f":{"0":4,"1":3,"2":3},"b":{"0":[3,1]}}
,"/Users/saphy/Documents/digitalFutures.nosync/news-summary-challenge/src/Components/NewsPicHeadlineCard.jsx": {"path":"/Users/saphy/Documents/digitalFutures.nosync/news-summary-challenge/src/Components/NewsPicHeadlineCard.jsx","statementMap":{"0":{"start":{"line":5,"column":28},"end":{"line":25,"column":null}},"1":{"start":{"line":9,"column":6},"end":{"line":9,"column":null}},"2":{"start":{"line":11,"column":19},"end":{"line":11,"column":null}},"3":{"start":{"line":13,"column":2},"end":{"line":23,"column":null}},"4":{"start":{"line":17,"column":21},"end":{"line":17,"column":null}},"5":{"start":{"line":27,"column":0},"end":{"line":34,"column":null}}},"fnMap":{"0":{"name":"(anonymous_0)","decl":{"start":{"line":5,"column":28},"end":{"line":5,"column":29}},"loc":{"start":{"line":5,"column":45},"end":{"line":25,"column":null}}},"1":{"name":"(anonymous_1)","decl":{"start":{"line":17,"column":15},"end":{"line":17,"column":21}},"loc":{"start":{"line":17,"column":21},"end":{"line":17,"column":null}}}},"branchMap":{},"s":{"0":1,"1":3,"2":3,"3":3,"4":2,"5":1},"f":{"0":3,"1":2},"b":{}}
,"/Users/saphy/Documents/digitalFutures.nosync/news-summary-challenge/src/Components/NewsSummary.jsx": {"path":"/Users/saphy/Documents/digitalFutures.nosync/news-summary-challenge/src/Components/NewsSummary.jsx","statementMap":{"0":{"start":{"line":6,"column":20},"end":{"line":34,"column":null}},"1":{"start":{"line":7,"column":17},"end":{"line":7,"column":null}},"2":{"start":{"line":9,"column":2},"end":{"line":11,"column":null}},"3":{"start":{"line":10,"column":4},"end":{"line":10,"column":null}},"4":{"start":{"line":13,"column":25},"end":{"line":13,"column":null}},"5":{"start":{"line":13,"column":48},"end":{"line":13,"column":71}},"6":{"start":{"line":15,"column":2},"end":{"line":32,"column":null}},"7":{"start":{"line":36,"column":0},"end":{"line":38,"column":null}},"8":{"start":{"line":40,"column":0},"end":{"line":49,"column":null}}},"fnMap":{"0":{"name":"(anonymous_0)","decl":{"start":{"line":6,"column":20},"end":{"line":6,"column":21}},"loc":{"start":{"line":6,"column":34},"end":{"line":34,"column":null}}},"1":{"name":"(anonymous_1)","decl":{"start":{"line":9,"column":12},"end":{"line":9,"column":18}},"loc":{"start":{"line":9,"column":18},"end":{"line":11,"column":5}}},"2":{"name":"(anonymous_2)","decl":{"start":{"line":13,"column":35},"end":{"line":13,"column":36}},"loc":{"start":{"line":13,"column":48},"end":{"line":13,"column":71}}}},"branchMap":{},"s":{"0":2,"1":4,"2":4,"3":4,"4":4,"5":4,"6":4,"7":2,"8":2},"f":{"0":4,"1":4,"2":4},"b":{}}
,"/Users/saphy/Documents/digitalFutures.nosync/news-summary-challenge/src/utils/newsArticleServices.js": {"path":"/Users/saphy/Documents/digitalFutures.nosync/news-summary-challenge/src/utils/newsArticleServices.js","statementMap":{"0":{"start":{"line":1,"column":28},"end":{"line":3,"column":1}},"1":{"start":{"line":2,"column":2},"end":{"line":2,"column":30}}},"fnMap":{"0":{"name":"(anonymous_0)","decl":{"start":{"line":1,"column":28},"end":{"line":1,"column":29}},"loc":{"start":{"line":1,"column":36},"end":{"line":3,"column":1}}}},"branchMap":{},"s":{"0":2,"1":4},"f":{"0":4},"b":{}}
,"/Users/saphy/Documents/digitalFutures.nosync/news-summary-challenge/src/utils/newsDataServices.js": {"path":"/Users/saphy/Documents/digitalFutures.nosync/news-summary-challenge/src/utils/newsDataServices.js","statementMap":{"0":{"start":{"line":1,"column":25},"end":{"line":1,"column":144}},"1":{"start":{"line":5,"column":23},"end":{"line":16,"column":1}},"2":{"start":{"line":6,"column":2},"end":{"line":15,"column":3}},"3":{"start":{"line":7,"column":25},"end":{"line":10,"column":5}},"4":{"start":{"line":12,"column":4},"end":{"line":12,"column":46}},"5":{"start":{"line":14,"column":4},"end":{"line":14,"column":17}}},"fnMap":{"0":{"name":"(anonymous_0)","decl":{"start":{"line":5,"column":23},"end":{"line":5,"column":24}},"loc":{"start":{"line":5,"column":35},"end":{"line":16,"column":1}}}},"branchMap":{},"s":{"0":1,"1":1,"2":3,"3":3,"4":2,"5":1},"f":{"0":3},"b":{}}
}
